         w __deregister_frame_info
         w __register_frame_info
         w userAppExit
         w userAppInit
00000000 00000802 B __ctru_dev_utf16_buf
00000000 b _TLS_MODULE_BASE_
00000000 a shift
00000000 a shift
00000804 00000401 B __ctru_dev_path_buf
00100000 A __start__
00100000 T _start
00100008 T __service_ptr
0010000c T __apt_appid
00100010 T __heap_size
00100014 T __linear_heap_size
00100018 T __system_arglist
0010001c T __system_runflags
00100020 t startup
00100058 t ClearMem
0010006c t ClrLoop
00100094 T _init
001000ac t .udivsi3_skip_div0_test
001000ac T __aeabi_uidiv
001000ac 000001ec T __udivsi3
00100298 00000020 T __aeabi_uidivmod
001002b8 T __aeabi_idiv
001002b8 00000220 T __divsi3
001002c0 t .divsi3_skip_div0_test
001004d8 00000020 T __aeabi_idivmod
001004f8 00000004 W __aeabi_idiv0
001004f8 00000004 W __aeabi_ldiv0
001004fc T __aeabi_drsub
00100504 000002b0 T __aeabi_dsub
00100504 000002b0 T __subdf3
00100508 000002ac T __adddf3
00100508 000002ac T __aeabi_dadd
001007b4 00000024 T __aeabi_ui2d
001007b4 00000024 T __floatunsidf
001007d8 00000028 T __aeabi_i2d
001007d8 00000028 T __floatsidf
00100800 00000048 T __aeabi_f2d
00100800 00000048 T __extendsfdf2
00100848 00000074 T __aeabi_ul2d
00100848 00000074 T __floatundidf
0010085c 00000060 T __aeabi_l2d
0010085c 00000060 T __floatdidf
001008bc 0000019c T __aeabi_frsub
001008c4 00000194 T __aeabi_fsub
001008c4 00000194 T __subsf3
001008c8 00000190 T __addsf3
001008c8 00000190 T __aeabi_fadd
00100a58 00000028 T __aeabi_ui2f
00100a58 00000028 T __floatunsisf
00100a60 00000020 T __aeabi_i2f
00100a60 00000020 T __floatsisf
00100a80 0000008c T __aeabi_ul2f
00100a80 0000008c T __floatundisf
00100a90 0000007c T __aeabi_l2f
00100a90 0000007c T __floatdisf
00100b0c T __aeabi_ldivmod
00100be0 T __aeabi_uldivmod
00100c28 00000390 T strcmp
00100fb0 t __do_global_dtors_aux
00100ff0 t frame_dummy
0010101c 00000028 T state1
00101044 00000028 T state2
0010106c 00000068 T releaseWorld
001010d8 0000077c T main
00101854 0000010c T Collision_BoxIntersect
00101960 00000328 T CommandLine_Execute
00101c88 00000064 T CommandLine_Activate
00101cec 00000098 T Crash
00101d84 000002f0 T Raycast_Cast
00102074 0000001c T audioCallback
00102090 00000110 T opusStrError
001021a0 00000034 T DoQuit
001021d4 00000120 T audioInit
001022f4 00000028 T audioExit
0010231c 0000009c T fillBuffer
001023b8 00000078 T audioThread0
00102430 00000080 T audioThread1
001024b0 000001ec T playopus
0010269c 00000008 T SmeaGen_Init
001026a4 00000228 T SmeaGen_Generate
001028cc 00000004 T SuperFlatGen_Init
001028d0 00000128 T SuperFlatGen_Generate
001029f8 000005f0 T Block_Init
00102fe8 0000000c T Block_Deinit
00102ff4 0000000c T Block_GetTextureMap
00103000 0000032c T Block_GetTexture
0010332c 000000c4 T Block_GetColor
001033f0 0000002c T Block_Opaque
0010341c 0000000c T Item_Deinit
00103428 00000068 T Camera_Init
00103490 0000050c T Camera_Update
0010399c 000002b8 T Camera_IsAABBVisible
00103c54 00000134 T Clouds_Init
00103d88 00000020 T Clouds_Deinit
00103da8 00000224 T Clouds_Render
00103fcc 00000050 T Cursor_Init
0010401c 00000010 T Cursor_Deinit
0010402c 00000254 T Cursor_Draw
00104280 0000002c T Hand_Init
001042ac 00000020 T Hand_Deinit
001042d0 0000052c T Hand_Draw
001047fc 00000390 t floodFill.part.0
00104b8c 0000003c T PolyGen_Init
00104bc8 00000044 T PolyGen_Deinit
00104c0c 00000190 T PolyGen_Harvest
00104d9c 00000bb0 T PolyGen_GeneratePolygons
0010594c 00000228 T Renderer_Init
00105b74 00000054 T Renderer_Deinit
00105bc8 000003c4 T Renderer_Render
00105f8c 000000b4 T tileImage32
00106040 000001e0 T Texture_Load
00106220 000000ac T Texture_TileImage8
001062cc 000000f0 T downscaleImage
001063bc 000002ac T Texture_MapInit
00106668 00000080 T Texture_MapGetIcon
001066e8 00000010 t sort_by_size
001066f8 00000020 T VBOCache_Init
00106718 00000058 T VBOCache_Deinit
00106770 000000d8 T VBO_Alloc
00106848 0000009c T VBO_Free
001068e8 00000830 t renderWorld
00107118 000000ec T WorldRenderer_Init
00107204 00000050 T WorldRenderer_Deinit
00107254 00000118 T WorldRenderer_Render
0010736c 00000050 T DebugUI_Init
001073bc 00000040 T DebugUI_Deinit
001073fc 00000050 T DebugUI_Text
0010744c 00000050 T DebugUI_Log
0010749c 00000100 T DebugUI_Draw
0010759c 000001c8 T FontLoader_Init
00107764 00000050 T Gui_Init
001077b4 00000004 T Gui_Deinit
001077b8 00000020 T Gui_Frame
001077d8 00000010 T Gui_Offset
001077e8 0000002c T Gui_RelativeWidth
00107814 0000002c T Gui_RelativeHeight
00107840 00000058 T Gui_BeginRowCenter
00107898 00000034 T Gui_BeginRow
001078cc 00000024 T Gui_EndRow
001078f0 00000114 T Gui_Label
00107a04 00000034 T Gui_Space
00107a38 00000018 T Gui_VerticalSpace
00107a50 0000004c T Gui_InputData
00107a9c 0000009c T Gui_IsCursorInside
00107b38 0000009c T Gui_WasCursorInside
00107bd4 000001dc T Gui_Button
00107db0 00000070 T Gui_EnteredCursorInside
00107e20 000000ac T Gui_GetCursorMovement
00107ecc 000000d8 t clickAtStack
00107fa4 00000208 T Inventory_DrawQuickSelect
001081ac 00000250 T Inventory_Draw
001083fc 00000038 t compareDrawCommands
00108434 00000118 T SpriteBatch_Init
0010854c 00000064 T SpriteBatch_Deinit
001085b0 00000010 T SpriteBatch_BindTexture
001085c0 00000078 T SpriteBatch_BindGuiTexture
00108638 000000d8 T SpriteBatch_PushSingleColorQuad
00108710 000000f8 T SpriteBatch_PushQuad
00108808 000000f8 T SpriteBatch_PushQuadColor
00108900 00000338 T SpriteBatch_PushIcon
00108c38 000001f8 T SpriteBatch_PushTextVargs
00108e30 00000040 T SpriteBatch_PushText
00108e70 00000098 T SpriteBatch_CalcTextWidthVargs
00108f08 00000024 T SpriteBatch_GetWidth
00108f2c 00000024 T SpriteBatch_GetHeight
00108f50 00000010 T SpriteBatch_SetScale
00108f60 00000010 T SpriteBatch_GetScale
00108f70 00000010 T SpriteBatch_StartFrame
00108f80 000003a8 T SpriteBatch_Render
00109328 000000f4 t delete_folder
0010941c 00000138 T WorldSelect_ScanWorlds
00109554 0000001c T WorldSelect_Init
00109570 00000028 T WorldSelect_Deinit
00109598 000005d4 T WorldSelect_Render
00109b6c 000002b4 T WorldSelect_Update
00109e20 0000000c T state_machine_create
00109e2c 00000004 T state_machine_delete
00109e30 00000008 T state_machine_set_current_state
00109e38 00000010 T state_machine_run
00109e48 00000174 T Chunk_GenerateHeightmap
00109fbc 0000005c T Cluster_IsEmpty
0010a018 00000244 T ChunkWorker_Mainloop
0010a25c 000000f4 T ChunkWorker_Init
0010a350 0000007c T ChunkWorker_Deinit
0010a3cc 00000044 T ChunkWorker_Finish
0010a410 00000074 T ChunkWorker_AddHandler
0010a484 00000048 T ChunkWorker_SetHandlerActive
0010a4d0 000000bc T World_Reset
0010a590 00000078 T World_Init
0010a608 00000244 T World_LoadChunk
0010a84c 0000010c T World_UnloadChunk
0010a958 0000006c T World_GetChunk
0010a9c4 000000e8 T World_GetBlock
0010aaac 00000224 T World_SetBlock
0010acd0 00000230 T World_SetBlockAndMeta
0010af00 000000f4 T World_GetMetadata
0010aff4 000000cc T World_GetHeight
0010b0c0 000001ac T World_UpdateChunkCache
0010b26c 000002e4 T World_Tick
0010b550 000000b8 t fetchSuperChunk
0010b608 00000030 T SaveManager_InitFileSystem
0010b638 0000001c T SaveManager_Init
0010b654 00000028 T SaveManager_Deinit
0010b67c 00000824 T SaveManager_Load
0010bea0 00000268 T SaveManager_Unload
0010c108 00000064 T SaveManager_LoadChunk
0010c16c 00000064 T SaveManager_SaveChunk
0010c1d0 00000044 T SuperChunk_InitPools
0010c214 00000028 T SuperChunk_DeinitPools
0010c23c 000005a4 T SuperChunk_Init
0010c7e0 00000170 T SuperChunk_SaveIndex
0010c950 00000030 T SuperChunk_Deinit
0010c980 0000044c T SuperChunk_SaveChunk
0010cdcc 000004d8 T SuperChunk_LoadChunk
0010d2a4 0000004c T OvertimeDamage
0010d2f0 0000022c T Player_Init
0010d520 0000032c T Player_Update
0010d84c 00000054 T Player_Jump
0010d8a0 0000070c T Player_Move
0010dfac 000001d0 T Player_PlaceBlock
0010e17c 0000006c T Player_BreakBlock
0010e1e8 00000928 T PlayerController_Init
0010eb10 000008c4 T PlayerController_Update
0010f3d4 000001bc t mpack_utf8_check_impl
0010f590 0000001c t mpack_file_tree_teardown
0010f5ac 00000014 t mpack_tree_flag_error.part.0
0010f5c0 00000050 t mpack_file_writer_flush
0010f610 00000064 t mpack_file_writer_teardown
0010f674 000000a4 t mpack_writer_ensure
0010f718 0000017c t mpack_write_u64.part.0
0010f894 000000b0 t mpack_write_native_straddle
0010f944 00000054 t mpack_tree_parse_bytes
0010f998 000000f4 t mpack_node_map_str_impl
0010fa8c 00000240 t mpack_tree_parse_children
0010fccc 00000acc t mpack_tree_parse.part.0.constprop.0
00110798 00000028 T mpack_writer_init
001107c0 000000c4 T mpack_writer_init_file
00110884 00000060 T mpack_writer_destroy
001108e4 00000048 T mpack_write_bool
0011092c 00000098 T mpack_write_u8
001109c4 00000154 T mpack_write_u32
00110b18 00000058 T mpack_write_u64
00110b70 000002b4 T mpack_write_i64
00110e24 00000080 T mpack_write_float
00110ea4 00000114 T mpack_start_array
00110fb8 00000110 T mpack_start_map
001110c8 00000160 T mpack_start_str
00111228 00000118 T mpack_start_bin
00111340 00000064 T mpack_write_bin
001113a4 00000070 T mpack_write_cstr
00111414 0000001c T mpack_tree_root
00111430 00000084 T mpack_tree_init
001114b4 00000070 T mpack_tree_init_pool
00111524 00000280 T mpack_tree_init_file
001117a4 0000004c T mpack_tree_destroy
001117f0 00000040 T mpack_node_flag_error
00111830 000000f8 T mpack_node_copy_utf8_cstr
00111928 00000094 T mpack_node_map_cstr
001119bc 00000054 T mpack_node_map_cstr_optional
00111a10 00000060 T vec_expand_
00111a70 00000070 T vec_reserve_po2_
00111ae0 00000034 T vec_splice_
00111b14 00000088 T sino_init
00111b9c 0000002c T sino_exit
00111bc8 000002b4 T sino_2d
00111e7c 00000060 t huffmanDecodeSymbol
00111edc 00000090 t checkColorValidity
00111f6c 0000004c t addColorBits
00111fb8 00000060 t color_tree_get
00112018 000001bc t getPixelColorRGBA16
001121d4 000001a4 t Adam7_getpassvalues
00112378 0000009c t color_tree_add
00112414 00000060 t LodePNGText_cleanup
00112474 00000090 t LodePNGIText_cleanup
00112504 000000c8 t lodepng_color_mode_equal
001125cc 000003b8 t unfilter
00112984 000000c4 t removePaddingBits
00112a48 0000007c t string_set
00112ac4 00000528 t getPixelColorsRGBA8
00112fec 00000058 t ucvector_push_back.isra.0
00113044 000001e8 t color_tree_cleanup
0011322c 00000350 t HuffmanTree_makeFromLengths2
0011357c 00000070 t generateFixedDistanceTree.constprop.0.isra.0
001135ec 000000b8 t generateFixedLitLenTree.constprop.0.isra.0
001136a4 0000038c t getPixelColorRGBA8
00113a30 00000c5c t lodepng_inflatev.isra.0
0011468c 000000e4 T lodepng_load_file
00114770 00000198 T lodepng_zlib_decompress
00114908 00000074 T lodepng_chunk_check_crc
0011497c 00000098 T lodepng_chunk_append
00114a14 000000b8 T lodepng_color_mode_copy
00114acc 000000ec T lodepng_add_text
00114bb8 000001bc T lodepng_add_itext
00114d74 00000088 T lodepng_info_init
00114dfc 0000062c T lodepng_convert
00115428 00000214 T lodepng_inspect
0011563c 00001a20 T lodepng_decode
0011705c 000000b8 T lodepng_state_init
00117114 000000ac T lodepng_decode_memory
001171c0 00000080 T lodepng_decode32_file
00117240 00000008 T miniz_def_free_func
00117248 00000008 T miniz_def_alloc_func
00117250 000006b4 t tdefl_optimize_huffman_table
00117904 000000ac t tdefl_flush_output_buffer
001179b0 000008a4 t tdefl_start_dynamic_block
00118254 00000590 t tdefl_compress_block
001187e4 0000080c t tdefl_flush_block
00118ff0 00000198 T mz_adler32
00119188 00000ee8 T tdefl_compress
0011a070 00000184 T mz_deflate
0011a1f4 0000014c T tdefl_init
0011a340 00000168 T mz_compress2
0011a4a8 0000001c T mz_compress
0011a4c8 00001e3c T tinfl_decompress
0011c304 000003b0 T mz_inflate
0011c6b4 00000128 T mz_uncompress
0011c7dc 00000054 t strcmpci
0011c830 00000494 T ini_load
0011ccc4 0000001c T ini_free
0011cce0 00000134 T ini_get
0011ce14 00000048 T ini_sget
0011ce5c 00000028 T AttrInfo_Init
0011ce84 00000094 T AttrInfo_AddLoader
0011cf18 00000054 T C3D_SetAttrInfo
0011cf6c 00000080 T C3Di_AttrInfoBind
0011cfec 00000004 W C3Di_LightEnvUpdate
0011cff0 00000004 W C3Di_LightEnvDirty
0011cff4 00000004 W C3Di_ProcTexUpdate
0011cff8 00000004 W C3Di_ProcTexDirty
0011cffc 000000b4 t C3Di_AptEventHook
0011d0b0 00000004 W C3Di_GasUpdate
0011d0b4 000001d0 T C3D_Init
0011d284 00000098 T C3D_SetViewport
0011d31c 000004e8 T C3Di_UpdateContext
0011d804 000000e0 T C3Di_SplitFrame
0011d8e4 00000044 T C3D_Fini
0011d928 00000194 T C3D_BindProgram
0011dabc 00000024 T BufInfo_Init
0011dae0 00000080 T BufInfo_Add
0011db60 00000020 T C3D_GetBufInfo
0011db80 0000003c T C3D_SetBufInfo
0011dbbc 00000048 T C3Di_BufInfoBind
0011dc04 00000148 T C3D_DrawArrays
0011dd4c 00000040 T C3D_DepthMap
0011dd8c 0000001c T C3D_CullFace
0011dda8 00000040 T C3D_StencilTest
0011dde8 00000024 T C3D_StencilOp
0011de0c 0000001c T C3D_BlendingColor
0011de28 00000024 T C3D_EarlyDepthTest
0011de4c 0000002c T C3D_DepthTest
0011de78 0000002c T C3D_AlphaTest
0011dea4 00000050 T C3D_AlphaBlend
0011def4 00000030 T C3D_FragOpMode
0011df24 00000044 T C3D_FragOpShadow
0011df68 000001ac T C3Di_EffectBind
0011e114 000000b8 T FogLut_FromArray
0011e1cc 0000004c T C3D_FogGasMode
0011e218 00000020 T C3D_FogColor
0011e238 00000030 T C3D_FogLutBind
0011e268 0000001c T C3D_CalcColorBufSize
0011e284 0000001c T C3D_CalcDepthBufSize
0011e2a0 00000044 T C3D_SetFrameBuf
0011e2e4 0000016c T C3Di_FrameBufBind
0011e450 000000c8 T C3D_FrameBufClear
0011e518 00000044 T C3D_FrameBufTransfer
0011e55c 000000a8 T C3D_ImmSendAttrib
0011e604 0000004c t onVBlank0
0011e650 0000004c t onVBlank1
0011e69c 00000080 t C3Di_RenderTargetDestroy
0011e71c 000000f4 t onQueueFinish
0011e810 00000038 T C3Di_RenderQueueEnableVBlank
0011e848 00000030 T C3Di_RenderQueueDisableVBlank
0011e878 00000060 T C3Di_RenderQueueInit
0011e8d8 000000b4 T C3Di_RenderQueueExit
0011e98c 00000034 T C3Di_RenderQueueWaitDone
0011e9c0 000000e8 T C3D_FrameBegin
0011eaa8 00000048 T C3D_FrameDrawOn
0011eaf0 000001d0 T C3D_FrameEnd
0011ecc0 00000170 T C3D_RenderTargetCreate
0011ee30 000000a8 T C3D_RenderTargetSetOutput
0011eed8 000000f0 T C3D_SyncDisplayTransfer
0011efc8 000000fc T C3D_SyncTextureCopy
0011f0c4 00000034 T C3D_GetTexEnv
0011f0f8 00000024 T C3Di_TexEnvBind
0011f11c 00000290 T C3D_TexInitWithParams
0011f3ac 000000c8 T C3D_TexLoadImage
0011f474 00000044 T C3D_TexBind
0011f4b8 00000074 T C3D_TexDelete
0011f52c 0000014c T C3Di_SetTex
0011f678 00000290 T C3D_UpdateUniforms
0011f908 000000c0 T C3Di_DirtyUniforms
0011f9c8 000000d8 T C3Di_LoadShaderUniforms
0011faa0 00000028 T C3Di_ClearShaderUniforms
0011fac8 000000b8 T Mtx_Multiply
0011fb80 00000068 T Mtx_MultiplyFVec3
0011fbe8 000000cc T Mtx_OrthoTilt
0011fcb4 000000b8 T Mtx_PerspStereoTilt
0011fd6c 00000094 T Mtx_PerspTilt
0011fe00 000000a4 T Mtx_RotateX
0011fea4 000000a0 T Mtx_RotateY
0011ff44 000000a0 T Mtx_RotateZ
0011ffe4 00000038 T Mtx_Scale
0012001c 000000a4 T Mtx_Translate
001200c0 00000024 t addrMapNodeComparator(rbtree_node const*, rbtree_node const*)
001200e4 00000004 t addrMapNodeDestructor(rbtree_node*)
001200e8 00000120 T linearMemAlign
00120208 00000008 T linearAlloc
00120210 0000005c T linearFree
0012026c 00000080 T MemPool::CoalesceRight(MemBlock*)
001202ec 0000016c T MemPool::Allocate(MemChunk&, unsigned long, int)
00120458 000000fc T MemPool::Deallocate(MemChunk const&)
00120554 00000030 T MemPool::GetFreeSpace()
00120584 00000024 t addrMapNodeComparator(rbtree_node const*, rbtree_node const*)
001205a8 00000004 t addrMapNodeDestructor(rbtree_node*)
001205ac 0000024c T vramMemAlignAt
001207f8 0000000c T vramAlloc
00120804 0000000c T vramAllocAt
00120810 00000090 T vramFree
001208a0 0000051c t consoleHandleColorEsc
00120dbc 000000b8 t consoleColorStateShift
00120e74 000001ac T consoleDrawChar
00121020 00000124 T consolePrintChar
00121144 000006f4 T con_write
00121838 000000fc t newRow
00121934 0000018c T consoleInit
00121ac0 000000d0 t gfxPresentFramebuffer
00121b90 00000010 T gfxSet3D
00121ba0 0000001c T gfxIsWide
00121bbc 000000ec T gfxSetScreenFormat
00121ca8 00000010 T gfxSetDoubleBuffering
00121cb8 000000e0 T gfxInit
00121d98 00000010 T gfxInitDefault
00121da8 000000b4 T gfxExit
00121e5c 000000a0 T gfxGetFramebuffer
00121efc 00000104 T gfxFlushBuffers
00122000 00000030 T gfxScreenSwapBuffers
00122030 00000050 T gfxSwapBuffersGpu
00122080 00000074 T osConvertVirtToPhys
001220f4 00000054 T osGetTimeRef
00122148 000000ec T osGetTime
00122234 00000034 T __ctru_speedup_config
00122268 00000038 T osSetSpeedupEnable
001222a0 00000008 t romfs_close
001222a8 000000c4 t romfs_seek
0012236c 00000024 t romfs_dirreset
00122390 000000c8 t fill_dir
00122458 000002a8 t romfs_dirnext
00122700 00000084 t romfs_free
00122784 000000d4 t searchForFile.constprop.0
00122858 000000d8 t searchForDir.constprop.0
00122930 000001c0 t navigateToDir.constprop.0
00122af0 0000010c t romfs_open
00122bfc 0000004c t romfs_chdir
00122c48 00000070 t romfs_diropen
00122cb8 00000174 t romfs_stat
00122e2c 00000008 t romfs_dirclose
00122e38 00000084 t romfs_fstat
00122ebc 000000d0 t romfs_read
00122f8c 0000028c T romfsMountFromFile
00123218 00000098 T romfsMountFromCurrentProcess
001232b0 00000260 T romfsMountSelf
00123510 000000a0 T romfsUnmount
001235b0 0000000c T __sync_init
001235bc 00000018 T __sync_fini
001235d4 0000002c T syncArbitrateAddress
00123600 0000001c T LightLock_Init
0012361c 000000ac T LightLock_Lock
001236c8 00000044 T LightLock_TryLock
0012370c 00000040 T LightLock_Unlock
0012374c 00000030 T RecursiveLock_Lock
0012377c 00000054 T RecursiveLock_Unlock
001237d0 00000040 T LightEvent_Init
00123810 000000a4 T LightEvent_Clear
001238b4 000000c8 T LightEvent_Signal
0012397c 00000050 T LightEvent_TryWait
001239cc 000000a0 T LightEvent_Wait
00123a6c 000001d8 T threadCreate
00123c44 0000002c T threadFree
00123c70 00000024 T threadJoin
00123c94 00000030 T threadGetCurrent
00123cc4 00000040 T threadExit
00123d04 00000020 t _thread_begin
00123d24 0000013c T GPUCMD_Add
00123e60 000000b0 T GPUCMD_Split
00123f10 00000034 T f32tof16
00123f44 00000034 T f32tof24
00123f78 00000038 T f32tof31
00123fb0 00000010 T GX_BindQueue
00123fc0 0000006c T GX_RequestDma
0012402c 00000078 T GX_ProcessCommandList
001240a4 00000074 T GX_MemoryFill
00124118 00000070 T GX_DisplayTransfer
00124188 00000074 T GX_TextureCopy
001241fc 00000068 t gxCmdQueueDoCommands.part.0
00124264 000000c8 T gxCmdQueueInterrupt
0012432c 0000004c T gxCmdQueueClear
00124378 000000f8 T gxCmdQueueAdd
00124470 00000080 T gxCmdQueueRun
001244f0 00000060 T gxCmdQueueStop
00124550 0000008c T gxCmdQueueWait
001245dc 000001d0 T shaderInstanceInit
001247ac 00000018 T shaderInstanceGetUniformLocation
001247c4 0000001c T shaderProgramInit
001247e0 00000064 T shaderProgramFree
00124844 00000080 T shaderProgramSetVsh
001248c4 000008e0 T shaderProgramConfigure
001251a4 000001cc t DVLE_GenerateOutmap.part.0
00125370 000001b4 T DVLB_ParseFile
00125524 00000038 T DVLB_Free
0012555c 00000074 T DVLE_GetUniformRegister
001255d0 000000e4 T ndspChnReset
001256b4 00000018 T ndspChnSetFormat
001256cc 00000048 T ndspChnSetInterp
00125714 0000005c T ndspChnSetRate
00125770 000000bc T ndspChnWaveBufAdd
00125830 00000110 t ndspFinalize
00125940 000000cc T ndspExit
00125a0c 00000034 T ndspSetOutputMode
00125a40 00000010 T ndspSetCallback
00125a50 000001ac t aptConvertScreenForCapture
00125bfc 00000158 T aptSendCommand
00125d58 00000044 t aptExitProcess
00125d9c 0000038c T aptExit
00126128 000000e0 T aptHandleSleep
00126208 00000030 T aptHook
00126238 00000030 T aptUnhook
00126268 0000001c T aptSetMessageCallback
00126284 00000084 T APT_SleepIfShellClosed
00126308 00000084 T aptSetSleepAllowed
0012638c 00000084 T APT_UnlockTransition
00126410 000004a4 t aptEventHandler
001268b4 000000b0 T APT_ReceiveParameter
00126964 000000ac t aptReceiveParameter.constprop.0
00126a10 000002ac t aptScreenTransfer
00126cbc 00000320 t aptWaitForWakeUp.isra.0
00126fdc 00000118 T aptLaunchLibraryApplet
001270f4 000000f8 T aptJumpToHomeMenu
001271ec 00000048 T aptMainLoop
00127234 0000022c T aptInit
00127460 0000005c T APT_SendParameter
001274bc 00000030 T APT_SetAppCpuTimeLimit
001274ec 0000007c T APT_CheckNew3DS
00127568 000000a4 t DSP_LoadComponent.part.0
0012760c 00000080 T dspExit
0012768c 00000030 T dspUnhook
001276bc 000000b0 T aptDspSleep
0012776c 000000b8 T aptDspWakeup
00127824 00000044 T aptDspCancel
00127868 00000050 T DSP_FlushDataCache
001278b8 00000044 T DSP_RegisterInterruptEvents
001278fc 0000004c T DSP_WriteProcessPipe
00127948 00000040 T DSP_RecvData
00127988 0000004c T DSP_RecvDataIsReady
001279d4 000000cc T fsInit
00127aa0 0000003c T fsExit
00127adc 00000060 T fsExemptFromSession
00127b3c 00000050 T fsUnexemptFromSession
00127b8c 000000cc T FSUSER_OpenFile
00127c58 000000d4 T FSUSER_OpenFileDirectly
00127d2c 000000bc T FSUSER_DeleteFile
00127de8 000000f8 T FSUSER_RenameFile
00127ee0 000000bc T FSUSER_DeleteDirectory
00127f9c 000000d4 T FSUSER_CreateFile
00128070 000000c4 T FSUSER_CreateDirectory
00128134 000000f8 T FSUSER_RenameDirectory
0012822c 000000b4 T FSUSER_OpenDirectory
001282e0 00000094 T FSUSER_OpenArchive
00128374 0000008c T FSUSER_CloseArchive
00128400 00000074 T FSUSER_GetSdmcArchiveResource
00128474 00000064 T FSUSER_IsSdmcWritable
001284d8 00000058 T FSFILE_Read
00128530 00000060 T FSFILE_Write
00128590 00000038 T FSFILE_GetSize
001285c8 00000028 T FSFILE_SetSize
001285f0 0000003c T FSFILE_Close
0012862c 00000024 T FSFILE_Flush
00128650 00000050 T FSDIR_Read
001286a0 0000003c T FSDIR_Close
001286dc 00000c64 t gspHardwareInit
00129340 00000248 T gspInit
00129588 000000f0 T gspExit
00129678 00000010 T gspHasGpuRight
00129688 000000a0 T gspPresentBuffer
00129728 00000030 T gspSetEventCallback
00129758 00000044 T gspWaitForEvent
0012979c 0000004c T gspWaitForAnyEvent
001297e8 00000158 t gspEventThreadMain
00129940 00000130 T gspSubmitGxCommand
00129a70 00000050 T GSPGPU_FlushDataCache
00129ac0 00000034 T GSPGPU_SetLcdForceBlack
00129af4 00000068 T GSPGPU_AcquireRight
00129b5c 00000048 T GSPGPU_ReleaseRight
00129ba4 0000007c T GSPGPU_ImportDisplayCaptureInfo
00129c20 0000002c T GSPGPU_SaveVramSysArea
00129c4c 0000002c T GSPGPU_RestoreVramSysArea
00129c78 00000024 W hidShouldUseIrrst
00129c9c 0000018c T hidInit
00129e28 000000e8 T hidExit
00129f10 000002a4 T hidScanInput
0012a1b4 00000010 T hidKeysHeld
0012a1c4 00000010 T hidKeysDown
0012a1d4 00000010 T hidKeysUp
0012a1e4 00000018 T hidTouchRead
0012a1fc 00000018 T hidCircleRead
0012a214 00000160 T irrstInit
0012a374 000000cc T irrstExit
0012a440 000000b4 T irrstScanInput
0012a4f4 00000024 T irrstKeysHeld
0012a518 00000018 T irrstCstickRead
0012a530 00000074 T ptmSysmInit
0012a5a4 0000003c T ptmSysmExit
0012a5e0 00000034 T PTMSYSM_ConfigureNew3DSCPU
0012a614 00000178 t swkbdMessageCallback
0012a78c 00000078 T swkbdInit
0012a804 00000050 T swkbdSetHintText
0012a854 000003a8 T swkbdInputText
0012abfc 00000074 T rbtree_find
0012ac70 00000010 T rbtree_init
0012ac80 000001b0 t do_insert
0012ae30 00000008 T rbtree_insert
0012ae38 00000318 T rbtree_remove
0012b150 00000090 T rbtree_rotate
0012b1e0 000000e8 T utf16_to_utf8
0012b2c8 000000c0 T utf8_to_utf16
0012b388 000001e0 W __system_allocateHeaps
0012b568 00000038 W __libctru_init
0012b5a0 00000170 W __system_initArgv
0012b710 00000030 T __syscall_getreent
0012b740 00000064 T __syscall_gettod_r
0012b7a4 00000030 T __syscall_nanosleep
0012b7d4 00000004 T __syscall_lock_acquire
0012b7d8 00000004 T __syscall_lock_release
0012b7dc 00000004 T __syscall_lock_acquire_recursive
0012b7e0 00000004 T __syscall_lock_release_recursive
0012b7e4 00000004 T __syscall_exit
0012b7e8 00000050 T initThreadVars
0012b838 00000080 T __system_initSyscalls
0012b8b8 T svcControlMemory
0012b8d8 T svcQueryMemory
0012b908 T svcExitProcess
0012b910 T svcCreateThread
0012b930 T svcExitThread
0012b938 T svcSleepThread
0012b940 T svcGetThreadPriority
0012b954 T svcReleaseMutex
0012b95c T svcCreateEvent
0012b970 T svcSignalEvent
0012b978 T svcClearEvent
0012b980 T svcCreateMemoryBlock
0012b998 T svcMapMemoryBlock
0012b9a0 T svcUnmapMemoryBlock
0012b9a8 T svcCreateAddressArbiter
0012b9bc T svcArbitrateAddressNoTimeout
0012b9c4 T svcCloseHandle
0012b9cc T svcWaitSynchronization
0012b9d4 T svcWaitSynchronizationN
0012b9fc T svcDuplicateHandle
0012ba10 T svcGetSystemTick
0012ba18 T svcConnectToPort
0012ba2c T svcSendSyncRequest
0012ba34 T svcGetResourceLimit
0012ba48 T svcGetResourceLimitLimitValues
0012ba50 T svcGetResourceLimitCurrentValues
0012ba58 T svcBreak
0012ba60 T __aeabi_read_tp
0012ba6c W initSystem
0012babc W __ctru_exit
0012bad0 00000084 W envGetHandle
0012bb54 00000050 W envDestroyHandles
0012bba4 0000012c T srvInit
0012bcd0 00000058 T srvExit
0012bd28 00000060 T srvEnableNotification
0012bd88 000000a0 T srvGetServiceHandleDirect
0012be28 00000038 T srvGetServiceHandle
0012be60 00000034 T srvSubscribe
0012be94 00000060 T srvReceiveNotification
0012bef4 00000038 T srvPublishToSubscriber
0012bf2c 000000b4 t mappableFindAddressWithin
0012bfe0 00000028 T mappableInit
0012c008 00000080 T mappableAlloc
0012c088 00000004 T mappableFree
0012c08c 0000000c T srvPmGetSessionHandle
0012c098 0000005c T rbtree_node_next
0012c0f4 00000064 T decode_utf16
0012c158 0000013c T decode_utf8
0012c294 00000054 T encode_utf16
0012c2e8 000000e0 T encode_utf8
0012c3c8 00000030 W __appExit
0012c3f8 00000030 W __appInit
0012c428 00000090 W __libctru_exit
0012c4b8 00000014 t archive_link
0012c4cc 00000014 t archive_dirreset
0012c4e0 00000014 t archive_chmod
0012c4f4 00000024 t error_cmp
0012c518 00000050 t archive_translate_error
0012c568 000000c8 t archive_seek
0012c630 0000007c t _archiveInit.part.0
0012c6ac 000000c4 t archiveFindDevice.part.0
0012c770 00000280 t archive_utf16path
0012c9f0 0000009c t _archiveUnmountDeviceStruct.part.0
0012ca8c 00000014 t archive_fchmod
0012caa0 00000014 t archive_statvfs
0012cab4 00000164 t _archiveMountDevice
0012cc18 000000e8 t archive_diropen
0012cd00 000000a4 t archive_fstat
0012cda4 0000006c t archive_fsync
0012ce10 0000006c t archive_close
0012ce7c 00000070 t archive_dirclose
0012ceec 000000e8 t sdmc_statvfs
0012cfd4 000000ec t archive_chdir
0012d0c0 0000007c t archive_ftruncate
0012d13c 000000ac t archive_read
0012d1e8 000000a4 t archive_unlink
0012d28c 000000bc t archive_rmdir
0012d348 000000dc t archive_mkdir
0012d424 00000194 t archive_stat
0012d5b8 00000160 t archive_dirnext
0012d718 00000124 t archive_write
0012d83c 0000020c t archive_open
0012da48 00000278 t archive_rename
0012dcc0 0000019c T archiveMountSdmc
0012de5c 00000054 T archiveUnmountAll
0012deb0 00000244 T sinf
0012e0f4 00000050 T sqrtf
0012e144 000000c8 T round
0012e20c 00000070 T tanf
0012e27c 00000024 t with_errnof
0012e2a0 0000001c T __math_invalidf
0012e2bc 00000050 T fmin
0012e310 0000022c T cosf
0012e53c 0000007c T __fpclassifyd
0012e5b8 000002c8 T __ieee754_rem_pio2f
0012e880 00000208 T __kernel_tanf
0012ea88 00000010 T fabsf
0012ea98 00000844 T __kernel_rem_pio2f
0012f2dc 00000008 T __ieee754_sqrtf
0012f2e4 0000012c T scalbnf
0012f410 000000c0 T floorf
0012f4d0 00000104 t op_granpos_add
0012f5d4 000000fc t op_stereo_filter
0012f6d0 00000178 t op_get_next_page
0012f848 000002e4 t op_fetch_headers_impl
0012fb2c 000000a8 t op_fetch_headers
0012fbd4 00000038 t op_get_packet_duration
0012fc0c 00000098 t op_collect_audio_packets
0012fca4 000000d4 t op_clear
0012fd78 0000006c t op_seek_helper
0012fde4 00000438 t op_float2short_filter
0013021c 000000a4 t op_decode
001302c0 000000e4 t op_rescale64.part.0
001303a4 000000e4 t op_granpos_diff
00130488 00000394 t op_find_initial_pcm_offset
0013081c 00000308 t op_find_final_pcm_offset
00130b24 000000cc t op_update_gain.part.7
00130bf0 00000140 t op_make_decode_ready.part.8
00130d30 000008fc t op_fetch_and_process_page
0013162c 000000b4 t op_float2short_stereo_filter
001316e0 00000408 t op_read_native.part.10
00131ae8 000000b8 t op_filter_read_native
00131ba0 00000ea4 t op_open_seekable2
00132a44 00000064 t op_open2
00132aa8 00000244 T op_test_callbacks
00132cec 0000004c T op_open_callbacks
00132d38 00000064 t op_open_close_on_failure
00132d9c 00000034 T op_open_file
00132dd0 00000020 T op_free
00132df0 00000024 T op_read_stereo
00132e14 00000004 t op_ftell
00132e18 00000004 t op_fseek
00132e1c 00000044 t op_fread
00132e60 00000034 T op_fopen
00132e94 00000050 t op_strdup_with_len
00132ee4 0000009c t op_tags_ensure_capacity
00132f80 000001f4 t opus_tags_parse_impl
00133174 000000f4 t opus_tags_get_gain.isra.0.constprop.1
00133268 00000204 T opus_head_parse
0013346c 00000060 T opus_tags_clear
001334cc 00000074 T opus_tags_parse
00133540 0000001c T opus_tags_get_album_gain
0013355c 0000001c T opus_tags_get_track_gain
00133578 00000058 T op_strncasecmp
001335d0 000000b8 T lrintf
00133688 00000100 t _os_update_crc
00133788 0000012c t _packetout
001338b4 00000010 T ogg_page_bos
001338c4 00000044 T ogg_page_granulepos
00133908 0000000c T ogg_page_serialno
00133914 00000054 T ogg_stream_clear
00133968 00000098 T ogg_stream_init
00133a00 00000078 t _os_body_expand
00133a78 0000008c t _os_lacing_expand
00133b04 00000078 T ogg_page_checksum_set
00133b7c 00000030 T ogg_sync_init
00133bac 00000044 T ogg_sync_clear
00133bf0 000000c8 T ogg_sync_buffer
00133cb8 00000034 T ogg_sync_wrote
00133cec 000001d8 T ogg_sync_pageseek
00133ec8 00000380 T ogg_stream_pagein
00134248 00000030 T ogg_sync_reset
00134278 00000068 T ogg_stream_reset_serialno
001342e0 00000024 T ogg_stream_packetout
00134304 00000380 T opus_pcm_soft_clip
00134684 000000a4 T opus_packet_get_samples_per_frame
00134728 00000480 T opus_packet_parse_impl
00134ba8 000000b4 t smooth_fade
00134c60 00000e24 t opus_decode_frame
00135a84 0000004c t opus_decoder_get_size.part.2
00135ad0 00000018 T opus_decoder_get_size
00135ae8 00000140 T opus_decoder_init
00135c28 00000604 T opus_decode_native
0013622c 000002e0 T opus_decoder_ctl
0013650c 00000050 T opus_packet_get_nb_frames
0013655c 00000074 T opus_packet_get_nb_samples
001365d0 00000078 t opus_copy_channel_out_float
00136648 00000044 t opus_multistream_decoder_get_size.part.2
0013668c 00000128 T opus_multistream_decoder_init
001367b4 000000e4 T opus_multistream_decoder_create
00136898 000002bc T opus_multistream_decoder_ctl_va_list
00136b54 00000030 T opus_multistream_decoder_ctl
00136b84 00000478 T opus_multistream_decode_native
00136ffc 0000003c T opus_multistream_decode_float
00137038 00000004 T opus_multistream_decoder_destroy
0013703c 00000038 T celt_fatal
00137074 00000088 T resampling_factor
001370fc 000002c0 T comb_filter
001373bc 0000006c T init_caps
00137428 00000224 t deemphasis
0013764c 00000498 t celt_synthesis
00137ae8 00000eb0 t celt_decode_lost
00138998 000002d0 T validate_celt_decoder
00138c68 00000040 T celt_decoder_get_size
00138ca8 000011f0 T celt_decode_with_ec
00139e98 00000304 T opus_custom_decoder_ctl
0013a19c 000000e8 T celt_decoder_init
0013a284 00000048 T ec_tell_frac
0013a2cc 0000007c t ec_dec_normalize
0013a348 00000060 T ec_dec_init
0013a3a8 0000003c T ec_decode
0013a3e4 00000040 T ec_decode_bin
0013a424 0000003c T ec_dec_update
0013a460 00000034 T ec_dec_bit_logp
0013a494 00000050 T ec_dec_icdf
0013a4e4 00000074 T ec_dec_bits
0013a558 00000114 T ec_dec_uint
0013a66c 00000214 T clt_mdct_backward_c
0013a880 000000ac T opus_custom_mode_create
0013a92c 00000120 t find_best_pitch
0013aa4c 00000254 T pitch_downsample
0013aca0 00000298 T celt_pitch_xcorr_c
0013af38 000002b0 T pitch_search
0013b1e8 00000124 T _celt_lpc
0013b30c 000002d8 T celt_fir_c
0013b5e4 000003e4 T celt_iir
0013b9c8 00000168 T _celt_autocorr
0013bb30 00000200 T unquant_coarse_energy
0013bd30 000000dc T unquant_fine_energy
0013be0c 00000160 T unquant_energy_finalise
0013bf6c 00000df0 T clt_compute_allocation
0013cd5c 0000009c t exp_rotation1
0013cdf8 00000080 t normalise_residual
0013ce78 0000018c t exp_rotation.part.0
0013d004 0000030c T op_pvq_search_c
0013d310 000001e0 T alg_quant
0013d4f0 00000140 T alg_unquant
0013d630 000000b4 T renormalise_vector
0013d6e8 00000274 T stereo_itheta
0013d95c 00000014 T silk_Get_Decoder_Size
0013d970 00000038 T silk_InitDecoder
0013d9a8 00000bc0 T silk_Decode
0013e568 00000294 T silk_stereo_MS_to_LR
0013e7fc 000003c0 T silk_resampler_init
0013ebbc 00000184 T silk_resampler
0013ed40 000009b8 T silk_resampler_private_down_FIR
0013f6f8 000001e4 T silk_resampler_private_IIR_FIR
0013f8dc 00000218 T silk_resampler_private_up2_HQ
0013faf4 00000004 T silk_resampler_private_up2_HQ_wrapper
0013faf8 00000134 T silk_stereo_decode_pred
0013fc2c 00000020 T silk_stereo_decode_mid_only
0013fc4c 0000007c T validate_layout
0013fcc8 00000074 T get_left_channel
0013fd3c 00000078 T get_right_channel
0013fdb4 00000078 T get_mono_channel
0013fe2c 000000a8 t intensity_stereo.isra.0
0013fed4 0000011c t deinterleave_hadamard
0013fff0 00000078 t special_hybrid_folding.isra.1
00140068 00000104 t quant_band_n1.isra.3
0014016c 00000018 T celt_lcg_rand
00140184 0000007c T bitexact_log2tan
00140200 000008e0 t compute_theta
00140ae0 000005f8 t quant_partition
001410d8 000001fc T denormalise_bands
001412d8 00000358 T anti_collapse
00141630 00000080 T haar1
001416b0 000005b0 t quant_band
00141c60 000005dc t quant_band_stereo
0014223c 00000fd8 T quant_all_bands
00143214 0000012c T encode_pulses
00143340 000002d4 T decode_pulses
00143614 000000a8 t ec_enc_carry_out.part.0
001436bc 000000cc T ec_encode
00143788 0000008c T ec_enc_bit_logp
00143814 00000098 T ec_enc_bits
001438ac 00000080 T ec_enc_uint
0014392c 00000960 T opus_fft_impl
0014428c 00000174 T ec_laplace_decode
00144400 00000040 T isqrt32
00144440 00000040 T silk_init_decoder
00144480 00000224 T silk_decode_frame
001446a4 0000024c T silk_decode_parameters
001448f0 0000041c T silk_decode_indices
00144d0c 00000248 T silk_decode_pulses
00144f54 00000244 T silk_decoder_set_fs
00145198 000000b4 T silk_gains_dequant
0014524c 00000150 T silk_NLSF_decode
0014539c 00000030 T silk_PLC_Reset
001453cc 00000e28 T silk_PLC
001461f4 000001e0 T silk_PLC_glue_frames
001463d4 000003fc T silk_shell_decoder
001467d0 000000a0 T silk_NLSF_unpack
00146870 00000070 T silk_bwexpander
001468e0 00000104 T silk_decode_pitch
001469e4 00000068 T silk_log2lin
00146a4c 0000017c T silk_LPC_analysis_filter
00146bc8 00000628 T silk_LPC_inverse_pred_gain_c
001471f0 00000360 T silk_NLSF2A
00147550 000002e4 T silk_NLSF_stabilize
00147834 00000070 T silk_resampler_private_AR2
001478a4 00000074 T silk_insertion_sort_increasing_all_values_int16
00147918 00000114 T silk_sum_sqr_shift
00147a2c 000001cc T silk_LPC_fit
00147bf8 00000064 T silk_CNG_Reset
00147c5c 000009b0 T silk_CNG
0014860c 000000d4 T silk_decode_signs
001486e0 00000cb8 T silk_decode_core
00149398 0000009c T silk_bwexpander_32
00149434 00000024 t with_errno
00149458 00000028 t xflow
00149480 00000010 T __math_uflow
00149490 00000010 T __math_oflow
001494a0 00000014 T __math_check_uflow
001494b8 00000028 T __math_check_oflow
001494e0 00000058 T sqrt
00149538 000000c0 T cos
001495f8 00000008 T __ieee754_sqrt
00149600 00000144 T floor
00149748 0000022c T exp
00149978 00000158 T __kernel_cos
00149ad0 00000308 T __ieee754_rem_pio2
00149dd8 00000870 T __kernel_rem_pio2
0014a648 00000140 T scalbn
0014a788 000000c0 T __kernel_sin
0014a848 00000014 T fabs
0014a85c 00000120 T __udivmoddi4
0014a97c 000000e4 T strncmp
0014aa60 00000130 T strchr
0014ab90 0000005c T strlen
0014abec 00000150 T memmove
0014ad3c 0000005c T __assert_func
0014ad98 000000f0 T _fwrite_r
0014ae88 00000038 T fwrite
0014aec0 000004b4 T __sfvwrite_r
0014b374 00000068 T sprintf
0014b3dc 0000003c T fiprintf
0014b418 00000070 T strcspn
0014b488 000000e0 T memchr
0014b568 000000d8 T memcmp
0014b640 000001d8 t _strtoul_l.isra.0
0014b818 00000030 T _strtoul_r
0014b848 00000034 T strtoul
0014b87c 00000590 T _fseeko_r
0014be0c 00000030 T fseeko
0014be3c 000000e4 T strncat
0014bf20 00000078 T bsearch
0014bf98 00000344 T _fread_r
0014c2dc 00000038 T fread
0014c314 00000020 T calloc
0014c334 00000044 T __sread
0014c378 00000008 T __seofread
0014c380 00000068 T __swrite
0014c3e8 00000044 T __sseek
0014c42c 00000008 T __sclose
0014c434 00000974 T qsort
0014cda8 00000014 T abort
0014cdbc 00000038 t lflush
0014cdf4 0000019c T __srefill_r
0014cf90 00000148 T _fclose_r
0014d0d8 00000018 T fclose
0014d0f0 0000064c t get_arg
0014d740 00003378 T _vfprintf_r
00150ab8 00000028 T vfprintf
00150ae0 000000b8 t __sbprintf
00150b98 000000c0 T _calloc_r
00150c58 0000003c T fprintf
00150c94 00000060 T vsprintf
00150cf4 0000012c T __smakebuf_r
00150e20 0000008c T __swhatbuf_r
00150eac 00000020 T realloc
00150ecc 00000020 T memalign
00150eec 0000001c t stdio_exit_handler
00150f08 0000005c t cleanup_stdio
00150f64 00000154 t global_stdio_init.part.0
001510b8 00000134 T __sfp
001511ec 0000005c T __sinit
00151248 0000000c T __sfp_lock_acquire
00151254 0000000c T __sfp_lock_release
00151260 0000002c T rewind
0015128c 0000079c T _malloc_r
00151a28 000001b4 t quorem
00151be0 00001218 T _dtoa_r
00152df8 000000a0 T _wcrtomb_r
00152e98 000000f8 T _malloc_trim_r
00152f90 000002e8 T _free_r
00153278 0000064c t get_arg
001538c8 00003324 T _svfprintf_r
00156bec 00000024 T vprintf
00156c10 0000025c T setvbuf
00156e6c 00000048 T strnlen
00156eb4 00000070 T stpcpy
00156f24 0000000c T __errno
00156f30 00000018 T malloc
00156f48 00000018 T free
00156f60 0000011c T memcpy
0015707c 00000034 T printf
001570b0 00000078 T sscanf
00157128 0000012c T _fopen_r
00157254 00000020 T fopen
00157274 0000004c T time
001572c0 000000e0 T _puts_r
001573a0 00000018 T puts
001573b8 000000f4 T memset
001574ac 000004a0 T _realloc_r
0015794c 00000050 T access
0015799c 00000070 T _fwalk_sglue
00157a0c 0000000c T __malloc_lock
00157a18 0000000c T __malloc_unlock
00157a24 000001b4 T _ftello_r
00157bd8 00000018 T ftello
00157bf0 0000002c T ftell
00157c1c 00000020 T stat
00157c3c 000000f0 T strcpy
00157d2c 00000004 W __call_exitprocs
00157d30 00000030 T exit
00157d60 00000050 t get_arg
00157db0 00002bf8 T __ssvfscanf_r
0015a9a8 0000001c T _fseek_r
0015a9c4 00000034 T fseek
0015a9f8 00000018 T unlink
0015aa10 0000003c T __memcpy_chk
0015aa4c 000000c4 T strncpy
0015ab10 0000025c t _strtoull_l.isra.0
0015ad6c 00000030 T _strtoull_r
0015ad9c 00000028 T _wcsrtombs_r
0015adc4 000000b4 T __sflags
0015ae78 000000b4 T _mbrtowc_r
0015af2c 00000084 T __libc_init_array
0015afb0 00000138 T __swsetup_r
0015b0e8 0000022c T __sflush_r
0015b314 00000094 T _fflush_r
0015b3a8 0000000c T nanf
0015b3b8 00000088 T frexp
0015b440 00000090 T _raise_r
0015b4d0 00000018 T raise
0015b4e8 00000088 T _Balloc
0015b570 0000001c T _Bfree
0015b58c 000000f4 T __multadd
0015b680 00000110 T __s2b
0015b790 00000060 T __hi0bits
0015b7f0 0000009c T __lo0bits
0015b88c 000000a4 T __i2b
0015b930 00000204 T __multiply
0015bb34 00000128 T __pow5mult
0015bc5c 00000140 T __lshift
0015bd9c 00000058 T __mcmp
0015bdf4 000001fc T __mdiff
0015bff0 00000068 T __ulp
0015c058 000000d0 T __b2d
0015c128 00000124 T __d2b
0015c24c 00000078 T __ratio
0015c2c4 00000088 T __copybits
0015c34c 0000005c T __any_on
0015c3a8 00000234 t _strtoll_l.isra.0
0015c5dc 00000030 T _strtoll_r
0015c60c 00000024 T __locale_mb_cur_max
0015c630 00000064 t sulp
0015c698 000013a4 T _strtod_l
0015da3c 0000003c T _strtod_r
0015da78 000000a4 T __ssprint_r
0015db1c 0000064c t get_arg
0015e168 00002300 T _vfiprintf_r
00160468 000000b8 t __sbprintf
00160520 0000014c T _memalign_r
0016066c 00000188 T _wcsnrtombs_l
001607f4 00000064 T _wcsnrtombs_r
00160858 000000e0 T _sungetc_r
00160938 0000006c T __ssrefill_r
001609a4 000000c4 T _sfread_r
00160a68 000000f0 t rshift
00160b58 0000089c T __gethex
001613f4 000002f8 T __utf8_mbtowc
001616ec 0000003c T __libc_fini_array
00161728 00000030 T __sprint_r
00161758 00000008 T iswspace
00161760 000000f0 T __sccl
00161850 00000024 T _localeconv_r
00161874 00000058 T __chk_fail
001618cc 000001b0 t _strtol_l.part.0
00161a7c 00000060 T _strtol_r
00161adc 000000dc T stpncpy
00161bb8 00000128 T __ssputs_r
00161ce0 000000f0 T __utf8_wctomb
00161dd0 0000004c T __match
00161e1c 0000029c T __hexnan
001620b8 00000010 T nan
001620c8 000000a8 T __submore
00162170 00000038 T iswspace_l
001621a8 00000028 T write
001621d0 00000090 T category
00162260 00000020 T _exit
00162280 0000013c T chdir
001623bc 000001cc T _concatenate_path
00162588 00000068 t __dirnext
001625f0 000000f4 T opendir
001626e4 00000090 T closedir
00162774 000000c4 T readdir
00162838 00000078 T _fstat_r
001628b0 00000014 T _getpid_r
001628c4 0000002c T __getreent
001628f0 00000030 T _gettimeofday_r
00162920 0000008c T __release_handle
001629ac 000000b0 T __alloc_handle
00162a5c 0000003c T __get_handle
00162a98 000000f4 T _close_r
00162b8c 00000008 t null_write
00162b94 00000018 T setDefaultDevice
00162bac 000000c8 T FindDevice
00162c74 00000028 T RemoveDevice
00162c9c 0000009c T AddDevice
00162d38 00000020 T GetDeviceOpTab
00162d58 00000008 T _isatty_r
00162d60 00000014 T _kill_r
00162d74 00000084 T _lseek_r
00162df8 00000060 T mkdir
00162e58 000000bc T _open_r
00162f14 00000080 T _read_r
00162f94 00000068 T _rmdir_r
00162ffc 00000018 T rmdir
00163014 00000078 W _sbrk_r
0016308c 00000048 T sleep
001630d4 00000070 T _stat_r
00163144 0000001c T __libc_lock_acquire
00163160 0000001c T __libc_lock_release
0016317c 0000001c T __libc_lock_acquire_recursive
00163198 0000001c T __libc_lock_release_recursive
001631b4 00000064 T _unlink_r
00163218 00000080 T _write_r
00163298 00000040 T nanosleep
001632d8 00000038 T __aeabi_d2lz
001632d8 00000038 T __fixdfdi
00163310 00000040 T __aeabi_d2ulz
00163310 00000040 T __fixunsdfdi
00163350 00000048 T strrchr
00163398 T _fini
0016400c 00000048 r faces.0
00164054 00000010 r CSWTCH.5
001640f4 00000240 R cube_sides_lut
00164340 00000008 r worldGenTypesStr
00164348 00000024 R _seethroughTable
00164378 00000004 R GravityPlusFriction
0016437c 00000004 R MaxFallVelocity
00164380 00000004 R MaxWalkVelocity
00164384 0000003c R n3ds_default_scheme
001643c0 0000003c R platform_default_scheme
001643fc 00000200 r singletable
001645fc 000000c0 r grad3
001646bc 00000200 r grad4
001648bc 0000001c r ADAM7_DX
001648d8 0000001c r ADAM7_IX
001648f4 0000001c r ADAM7_DY
00164910 0000001c r ADAM7_IY
0016492c 00000074 r LENGTHBASE
001649a0 00000078 r DISTANCEBASE
00164a18 00000078 r DISTANCEEXTRA
00164a90 00000074 r LENGTHEXTRA
00164b04 0000004c r CLCL_ORDER
00164b50 0000001c r CSWTCH.182
00164b6c 00000400 r lodepng_crc32_table
00164f6c 00000010 r CSWTCH.341
00164f7c 0000017c r CSWTCH.365
001650f8 00000010 R lodepng_default_decompress_settings
00165108 00000024 R lodepng_default_compress_settings
0016512c 00000013 r s_length_dezigzag.9
0016512c 00000013 r s_tdefl_packed_code_size_syms_swizzle
00165140 0000001a r __func__.15
0016515c 00000200 r s_tdefl_len_sym
0016535c 00000018 r __func__.14
00165374 00000100 r s_tdefl_len_extra
00165474 00000044 r mz_bitmasks
001654b8 00000200 r s_tdefl_small_dist_sym
001656b8 00000200 r s_tdefl_small_dist_extra
001658b8 00000080 r s_tdefl_large_dist_sym
00165938 00000080 r s_tdefl_large_dist_extra
001659b8 00000012 r __func__.17
001659cc 0000001d r __func__.3
001659ec 00000400 r s_crc_table.22
00165dec 00000050 r s_error_descs.21
00165e3c 00000011 r __func__.19
00165e50 00000013 r __func__.18
00165e64 00000016 r __func__.20
00165e7c 00000016 r __func__.13
00165e94 0000002c r s_tdefl_num_probes
00165e94 0000002c r s_tdefl_png_num_probes.12
00165eec 00000005 r chans.11
00165f08 0000000c r s_min_table_sizes.10
00165f14 0000007c r s_length_extra.8
00165f90 0000007c r s_length_base.7
0016600c 00000080 r s_dist_extra.6
0016608c 00000080 r s_dist_base.5
0016610c 00000011 r __func__.4
00166120 0000001c r __func__.2
0016613c 00000018 r __func__.1
00166154 00000022 r __func__.0
00166178 00000080 r CSWTCH.582
00166220 R gui_shbin
00166394 R gui_shbin_end
00166394 R gui_shbin_size
00166398 R world_shbin
001664b8 R world_shbin_end
001664b8 R world_shbin_size
001693c4 r .LC2
0016b108 00000004 r depthFmtSizes
0016b10c 00000005 r colorFmtSizes
0016b114 00000038 r CSWTCH.19
0016b14c 00000080 r dotab_stdout
0016b1cc 00000018 r grayScale
0016b1e4 00000006 r colorCube
0016b1ec 00000030 r colorTable
0016b21c 00000080 r romFS_devoptab
0016b29c 00000008 r morton_y.2
0016b2a4 00000008 r morton_x.3
0016b2ac 00000008 r s_sleepWakeEvents.4
0016b2b4 R default_font_bin
0016bab4 R default_font_bin_end
0016bab4 00000030 r error_table
0016bae4 00000080 r archive_devoptab
0016bb64 00000060 R __inv_pio4
0016bbc8 000000e0 R __sincosf_table
0016bca8 00000080 r npio2_hw
0016bd28 00000318 r two_over_pi
0016c040 0000002c r PIo2
0016c06c 0000000c r init_jk
0016c078 00000010 r OP_FCOEF_A
0016c088 00000010 r OP_FCOEF_B
0016c098 00000180 r OP_STEREO_DOWNMIX
0016c218 00000010 r OP_FILE_CALLBACKS
0016c228 00000008 r TWO23
0016c230 00002000 r crc_lookup
0016e230 00000014 r CSWTCH.81
0016e244 00000024 r gains.8759
0016e268 00000020 R tf_select_table
0016e288 00000004 r spread_icdf
0016e28c 00000003 r tapset_icdf
0016e290 0000000b r trim_icdf
0016e29c 00000020 r correction.6326
0016e2bc 000000e7 r band_allocation
0016e3a4 00000188 r cache_bits50
0016e52c 000000a8 r cache_caps50
0016e5d4 000000d2 r cache_index50
0016e6a8 0000002c r eband5ms
0016e6d4 000000f0 r fft_bitrev120
0016e7c4 000001e0 r fft_bitrev240
0016e9a4 000003c0 r fft_bitrev480
0016ed64 00000078 r fft_bitrev60
0016eddc 00000038 r fft_state48000_960_0
0016ee14 00000038 r fft_state48000_960_1
0016ee4c 00000038 r fft_state48000_960_2
0016ee84 00000038 r fft_state48000_960_3
0016eebc 00000f00 r fft_twiddles48000_960
0016fdbc 0000002a r logN400
0016fde8 00001c20 r mdct_twiddles960
00171a08 0000006c r mode48000_960_120
00171a74 000001e0 r window120
00171c54 00000010 r beta_coef
00171c64 00000064 R eMeans
00171cc8 00000150 r e_prob_model
00171e18 00000010 r pred_coef
00171e28 00000003 r small_energy_icdf
00171e2c 00000018 r LOG2_FRAC_TABLE
00171e44 0000000c r SPREAD_FACTOR.8617
00171e50 00000003 r silk_LBRR_flags_2_iCDF
00171e54 00000007 r silk_LBRR_flags_3_iCDF
00171e5c 00000008 R silk_LBRR_flags_iCDF_ptr
00171e64 00000006 R silk_LTPScales_table_Q14
00171e6c 00000003 R silk_LTPscale_iCDF
00171e70 00000007 R silk_NLSF_EXT_iCDF
00171e78 00000005 R silk_NLSF_interpolation_factor_iCDF
00171e80 00000008 R silk_Quantization_Offsets_Q10
00171e88 00000002 R silk_lsb_iCDF
00171e8c 00000002 R silk_stereo_only_code_mid_iCDF
00171e90 00000019 R silk_stereo_pred_joint_iCDF
00171eac 00000020 R silk_stereo_pred_quant_Q13
00171ecc 00000004 R silk_type_offset_VAD_iCDF
00171ed0 00000002 R silk_type_offset_no_VAD_iCDF
00171ed4 00000003 R silk_uniform3_iCDF
00171ed8 00000004 R silk_uniform4_iCDF
00171edc 00000005 R silk_uniform5_iCDF
00171ee4 00000006 R silk_uniform6_iCDF
00171eec 00000008 R silk_uniform8_iCDF
00171ef4 0000000f r delay_matrix_dec
00171f04 0000000f r delay_matrix_enc
00171f14 0000001c R silk_Resampler_1_2_COEFS
00171f30 00000028 R silk_Resampler_1_3_COEFS
00171f58 00000028 R silk_Resampler_1_4_COEFS
00171f80 00000028 R silk_Resampler_1_6_COEFS
00171fa8 00000028 R silk_Resampler_2_3_COEFS
00171fd0 0000003a R silk_Resampler_3_4_COEFS
0017200c 00000060 R silk_resampler_frac_FIR_12
0017206c 00000010 r bit_deinterleave_table.9138
0017207c 00000010 r bit_interleave_table.9128
0017208c 00000010 r exp2_table8.8969
0017209c 00000078 r ordery_table
00172114 000013e0 r CELT_PVQ_U_DATA
001734f4 0000003c r CELT_PVQ_U_ROW
00173530 00000004 r HARM_ATT_Q15
00173534 00000004 r PLC_RAND_ATTENUATE_UV_Q15
00173538 00000004 r PLC_RAND_ATTENUATE_V_Q15
0017353c 00000029 R silk_delta_gain_iCDF
00173568 00000018 R silk_gain_iCDF
00173580 00000008 r silk_LTP_gain_iCDF_0
00173588 00000010 r silk_LTP_gain_iCDF_1
00173598 00000020 r silk_LTP_gain_iCDF_2
001735b8 0000000c R silk_LTP_gain_iCDF_ptrs
001735c4 00000028 r silk_LTP_gain_vq_0
001735ec 00000050 r silk_LTP_gain_vq_1
0017363c 000000a0 r silk_LTP_gain_vq_2
001736dc 00000003 R silk_LTP_per_index_iCDF
001736e0 0000000c R silk_LTP_vq_ptrs_Q7
001736ec 00000140 r silk_NLSF_CB1_NB_MB_Q8
0017382c 00000280 r silk_NLSF_CB1_Wght_Q9
00173aac 00000040 r silk_NLSF_CB1_iCDF_NB_MB
00173aec 00000048 r silk_NLSF_CB2_BITS_NB_MB_Q5
00173b34 000000a0 r silk_NLSF_CB2_SELECT_NB_MB
00173bd4 00000048 r silk_NLSF_CB2_iCDF_NB_MB
00173c1c 00000028 R silk_NLSF_CB_NB_MB
00173c44 00000016 r silk_NLSF_DELTA_MIN_NB_MB_Q15
00173c5c 00000012 r silk_NLSF_PRED_NB_MB_Q8
00173c70 00000200 r silk_NLSF_CB1_WB_Q8
00173e70 00000400 r silk_NLSF_CB1_WB_Wght_Q9
00174270 00000040 r silk_NLSF_CB1_iCDF_WB
001742b0 00000048 r silk_NLSF_CB2_BITS_WB_Q5
001742f8 00000100 r silk_NLSF_CB2_SELECT_WB
001743f8 00000048 r silk_NLSF_CB2_iCDF_WB
00174440 00000028 R silk_NLSF_CB_WB
00174468 00000022 r silk_NLSF_DELTA_MIN_WB_Q15
0017448c 0000001e r silk_NLSF_PRED_WB_Q8
001744ac 00000003 R silk_pitch_contour_10_ms_NB_iCDF
001744b0 0000000c R silk_pitch_contour_10_ms_iCDF
001744bc 0000000b R silk_pitch_contour_NB_iCDF
001744c8 00000022 R silk_pitch_contour_iCDF
001744ec 00000015 R silk_pitch_delta_iCDF
00174504 00000020 R silk_pitch_lag_iCDF
00174524 000000b4 R silk_pulses_per_block_iCDF
001745d8 00000012 R silk_rate_levels_iCDF
001745ec 00000098 R silk_shell_code_table0
00174684 00000098 R silk_shell_code_table1
0017471c 00000098 R silk_shell_code_table2
001747b4 00000098 R silk_shell_code_table3
0017484c 00000011 R silk_shell_code_table_offsets
00174860 0000002a R silk_sign_iCDF
0017488c 0000000a r ordering10.8179
00174898 00000010 r ordering16.8178
001748a8 0000002c R silk_CB_lags_stage2
001748d4 00000006 R silk_CB_lags_stage2_10_ms
001748dc 00000088 R silk_CB_lags_stage3
00174964 00000018 R silk_CB_lags_stage3_10_ms
0017497c 00000102 R silk_LSFCosTab_FIX_Q12
00174a80 00000080 r npio2_hw
00174b00 00000108 r two_over_pi
00174c08 00000040 r PIo2
00174c48 00000010 r init_jk
00174c58 00000870 R __exp_data
00175508 00000010 r zeroes.0
00175518 00000010 r blanks.1
00175528 00000010 r zeroes.0
00175538 00000010 r blanks.1
00175548 00000101 R _ctype_
0017564c 00000022 r basefix.0
00175670 0000006c R __action_table
001756dc 0000006c R __state_table
00175748 00000100 R __chclass
00175848 0000000c r p05.0
00175858 00000028 R __mprec_bigtens
00175880 000000c8 R __mprec_tens
00175948 00000014 r fpinan.0
0017595c 00000014 r fpi.1
00175970 00000028 r tinytens
00175998 00000010 r zeroes.0
001759a8 00000010 r blanks.1
001759b8 00000100 R __hexdig
00175ab8 000035dc r categories
00179094 00000080 R dotab_stdnull
00179114 R __tdata_align
00179118 r __EH_FRAME_BEGIN__
00179118 R __exidx_end
00179118 R __exidx_start
0017a000 00000001 D showDebugInfo
0017a004 000000b8 D block_texture_files
0017a0bc 0000009c D BlockNames
0017a158 00000060 d vertices
0017a1b8 00000004 d guiScale
0017a1bc 00000004 d selectedWorld
0017a1c0 00000001 d worldGenType
0017a1c4 00000004 D uuidGenerator
0017a1c8 00000007 D DirectionToAxis
0017a1d0 00000007 D DirectionOpposite
0017a1d8 00000054 D DirectionToOffset
0017a22c 0000005c D platform_key_names
0017a288 00000008 d framerateCounter
0017a290 00000004 d framerate
0017a294 00000001 d firstConsoleInit.0
0017a298 00000004 D currentConsole
0017a29c 00000048 D defaultConsole
0017a2e4 00000004 d queueLock
0017a2e8 00000004 d aptChainloadDeliverArgSize
0017a2ec 00000004 d kCount
0017a2f0 00000004 d kInterval
0017a2f4 00000004 d kDelay
0017a2f8 W __stacksize__
0017a2fc 00000004 D _impure_ptr
0017a300 00000120 D _impure_data
0017a420 0000000c D __sglue
0017a42c 00000004 D __malloc_sbrk_base
0017a430 00000004 D __malloc_trim_threshold
0017a438 00000408 D __malloc_av_
0017a840 0000016c D __global_locale
0017a9ac 00000400 d _current_working_directory
0017adac 00001000 d handles
0017bdac 0000000c d __stderr_handle
0017bdb8 0000000c d __stdout_handle
0017bdc4 0000000c d __stdin_handle
0017bdd0 0000008c D devoptab_list
0017be5c 00000004 d defaultDevice
0017be68 d _GLOBAL_OFFSET_TABLE_
0017be74 d __frame_dummy_init_array_entry
0017be74 D __init_array_start
0017be74 B __preinit_array_end
0017be74 B __preinit_array_start
0017be74 D __tdata_lma
0017be74 D __tdata_lma_end
0017be78 d __do_global_dtors_aux_fini_array_entry
0017be78 D __fini_array_start
0017be78 D __init_array_end
0017be7c D __bss_start__
0017be7c D __fini_array_end
0017be7c 00000400 b swkbd.1
0017c27c 00000040 b textBuffer.0
0017c2bc 00000001 B s_quit0
0017c2c0 00000008 B s_event
0017c2c8 00000001 B s_quit1
0017c2cc 00000008 B s_event1
0017c2d4 00000004 B s_audioBuffer0
0017c2d8 00000048 B s_waveBufs0
0017c320 00000004 B s_audioBuffer1
0017c324 00000048 B s_waveBufs1
0017c36c 00000218 b textureMap
0017c584 00000170 b icon
0017c6f4 00000218 b textureMap
0017c90c 00000008 b icon
0017c914 00000018 b texture
0017c92c 00000004 b cloudVBO
0017c930 00000004 b cursorVBO
0017c934 00000004 b handVBO
0017c938 00000018 b SkinTexture
0017c950 0000000c b floodfill_queue
0017c95c 00000004 b currentFace
0017c960 00000004 b transparentFaces
0017c964 00000004 b world
0017c968 00000004 b player
0017c96c 00000004 b updateLock
0017c970 0000000c b vboUpdates
0017c97c 00001000 b floodfill_visited
0017d97c 00018000 b faceBuffer
00195980 00000004 b world
00195984 00000004 b player
00195988 00000004 b workqueue
0019598c 00000004 b gamestate
00195990 00000008 b renderTargets
00195998 00000004 b lowerScreen
0019599c 00000004 b world_dvlb
001959a0 00000014 b world_shader
001959b4 00000004 b world_shader_uLocProjection
001959b8 00000004 b gui_dvlb
001959bc 00000014 b gui_shader
001959d0 00000004 b gui_shader_uLocProjection
001959d8 00000018 b world_vertexAttribs
001959f0 00000018 b gui_vertexAttribs
00195a08 00000018 b logoTex
00195a20 0000000c b freedBlocks
00195a2c 00000004 b lock
00195a30 00000288 b chunkRendered
00195cb8 0000000c b renderingQueue
00195cc4 0000000c b transparentClusters
00195cd0 00000004 b player
00195cd4 00000004 b world
00195cd8 0000018c b camera
00195e64 00000004 b workqueue
00195e68 00000004 b projectionUniform
00195e6c 00000200 b fogLut
0019606c 00000004 B sky_time
00196070 00000050 b logLines
001960c0 0000003c b statusLines
001960fc 00000004 b currentStatusLine
00196100 00000018 b input
00196118 00000018 b oldInput
00196130 00000004 b paddingX
00196134 00000004 b paddingY
00196138 00000004 b relativeX
0019613c 00000004 b relativeY
00196140 00000004 b windowX
00196144 00000004 b windowY
00196148 0000000c b currentRow
00196154 00000004 b sourceStack
00196158 00000004 b proposedSourceStack
0019615c 0000000c b cmdList
00196168 00000008 b vertexList
00196170 00000004 b projUniform
00196174 00000004 b font
00196178 00000018 b widgetsTex
00196190 00000018 b whiteTex
001961a8 00000018 b menuBackgroundTex
001961c0 00000040 b iconModelMtx
00196200 00000004 b currentTexture
00196204 00000018 b iconsTex
0019621c 00000004 b screenWidth
00196220 00000004 b screenHeight
00196224 00000004 b rot
00196228 0000000c b worlds
00196234 00000001 b menustate
00196238 00000004 b velocity
0019623c 00000004 b scroll
00196240 00000001 b clicked_play
00196241 00000001 b clicked_new_world
00196242 00000001 b clicked_delete_world
00196243 00000001 b canceled_deletion
00196244 00000001 b confirmed_deletion
00196245 00000001 b canceled_world_options
00196246 00000001 b confirmed_world_options
00196248 00000400 b swkbd.1
00196648 0000000c b name.0
00196654 00000004 b workerToStop
00196658 00000004 b nodeDataPool
0019665c 00000004 b fileBuffer
00196660 00000004 b decompressBuffer
00196664 00000004 b perm
00196668 00000004 b permMod12
0019666c b completed.1
00196670 b object.0
00196688 0000000c b hookCookie
00196698 000002d0 B __C3D_Context
00196968 00000004 b frameEndCbData
0019696c 00000004 b frameEndCb
00196970 00000008 b frameCounter
00196978 00000001 b isTopStereo
00196979 00000001 b needSwapBot
0019697a 00000001 b needSwapTop
0019697b 00000001 b measureGpuTime
0019697c 00000001 b inSafeTransfer
0019697d 00000001 b inFrame
00196980 00000010 b cpuTime
00196990 00000010 b gpuTime
001969a0 0000000c b linkedTarget
001969ac 00000004 b lastTarget
001969b0 00000004 b firstTarget
001969b4 00000008 b C3Di_IVUnifEverDirty
001969bc 000000c0 b C3Di_FVUnifEverDirty
00196a7c 00000018 b C3Di_ShaderFVecData
00196a94 00000002 B C3D_BoolUnifsDirty
00196a98 00000008 B C3D_IVUnifDirty
00196aa0 000000c0 B C3D_FVUnifDirty
00196b60 00000004 B C3D_BoolUnifs
00196b64 00000020 B C3D_IVUnif
00196b84 00000c00 B C3D_FVUnif
00197788 00000008 b sLinearPool
00197790 0000000c b sAddrMap
001977a0 00000008 b sVramPoolB
001977a8 00000008 b sVramPoolA
001977b0 0000000c b sAddrMap
001977bc 0000001c b escapeSeq
001977d8 00000048 B currentCopy
00197820 00000004 b screenAlloc
00197824 00000004 b screenFree
00197828 00000002 b gfxIsDoubleBuf
0019782c 00000002 b gfxCurBuf
0019782e 00000001 b gfxIsVram
0019782f 00000001 b gfxTopMode
00197830 00000002 b gfxFramebufferFormats
00197834 00000004 b gfxBottomFramebufferMaxSize
00197838 00000004 b gfxTopFramebufferMaxSize
00197840 00000008 b gfxBottomFramebuffers
00197848 00000008 b gfxTopFramebuffers
00197850 00000001 V __ctru_speedup
00197854 00000004 b romfs_mount_list
00197858 00000004 V __romfs_path
0019785c 00000004 b arbiter
00197860 00000004 B gpuCmdBufOffset
00197864 00000004 B gpuCmdBufSize
00197868 00000004 B gpuCmdBuf
0019786c 00000004 b boundQueue
00197870 00000001 b shouldStop
00197871 00000001 b isRunning
00197872 00000001 b isActive
00197874 00000004 b curQueue
00197878 00000c60 b ndspChn
001984d8 00000004 b ndspRefCount
001984dc 00000048 b ndspMaster
00198524 00000004 b ndspThread
00198528 00000001 b ndspThreadRun
0019852c 00001080 b dspVar5Backup
001995ac 00000004 b ndspMutex
001995b0 00000004 b dspSem
001995b4 00000004 b irqEvent
001995b8 00000008 b ndspHookCookie
001995c0 00000001 b componentFree
001995c4 00000004 b componentBin
001995c8 00000001 b bCancelReceived
001995c9 00000001 b bSleeping
001995ca 00000001 b bEnteringSleep
001995cb 00000001 b bDspReady
001995cc 00000080 B ndspVars
0019964c 00000001 b flagValue.0
0019964d 00000001 b flagInit.1
00199650 00000004 b serviceName.6
00199654 00000001 b aptChainloadFlags
00199655 00000001 b aptChainloadMediatype
00199658 00000020 b aptChainloadHmac
00199678 00000300 b aptChainloadDeliverArg
00199978 00000008 b aptChainloadTid
00199980 00001000 b aptParameters
0019a980 00000004 b aptFlags
0019a984 00000001 b aptHomeButtonState
0019a988 00000004 b aptMessageFuncData
0019a98c 00000004 b aptMessageFunc
0019a990 0000000c b aptFirstHook
0019a99c 00000001 b aptEventHandlerThreadQuit
0019a9a0 00000004 b aptEventHandlerThread
0019a9a4 00000008 b aptSleepEvent
0019a9ac 00000008 b aptReceiveEvent
0019a9b4 00000008 b aptEvents
0019a9bc 00000004 b aptLockHandle
0019a9c0 00000004 b aptRefCount
0019a9c4 00000002 b dspSavedCompDataMask
0019a9c6 00000002 b dspSavedCompProgMask
0019a9c8 00000004 b dspSavedCompSize
0019a9cc 00000004 b dspSavedCompBin
0019a9d0 00000001 b dspSleeping
0019a9d1 00000001 b dspComponentLoaded
0019a9d4 00000008 b dspFirstHook
0019a9dc 00000004 b dspRefCount
0019a9e0 00000004 b dspHandle
0019a9e8 00000080 b fsExemptArchives
0019aa68 00000004 b fsuRefCount
0019aa6c 00000004 b fsuHandle
0019aa70 00000007 b gspEventCbOneShot
0019aa78 0000001c b gspEventCbData
0019aa94 0000001c b gspEventCb
0019aab0 00000038 b gspEvents
0019aae8 00000004 b gspLastEvent
0019aaec 00000001 b gspRunEvents
0019aaf0 00000004 b gspEventThread
0019aaf4 00000004 b gspEvent
0019aaf8 00000001 b gspGpuRight
0019aaf9 00000001 b gspThreadId
0019aafc 00000004 b gspSharedMem
0019ab00 00000004 b gspSharedMemHandle
0019ab04 00000004 b gspRefCount
0019ab08 00000004 b gspGpuHandle
0019ab0c 00000001 b usingIrrst
0019ab10 00000004 b hidRefCount
0019ab14 00000006 b gRate
0019ab1c 00000006 b aVec
0019ab24 00000004 b cPos
0019ab28 00000004 b tPos
0019ab2c 00000004 b kRepeat
0019ab30 00000004 b kUp
0019ab34 00000004 b kDown
0019ab38 00000004 b kHeld
0019ab3c 00000004 b kOld
0019ab40 00000004 B hidSharedMem
0019ab44 00000014 B hidEvents
0019ab58 00000004 B hidMemHandle
0019ab5c 00000004 B hidHandle
0019ab60 00000004 b irrstRefCount
0019ab64 00000004 b csPos
0019ab68 00000004 b kHeld
0019ab6c 00000004 B irrstSharedMem
0019ab70 00000004 B irrstEvent
0019ab74 00000004 B irrstMemHandle
0019ab78 00000004 B irrstHandle
0019ab7c 00000004 b ptmSysmRefCount
0019ab80 00000004 b ptmSysmHandle
0019ab84 00000004 b swkbdSharedMemHandle
0019ab88 00000004 b swkbdSharedMem
0019ab8c 00000004 V __ctru_linear_heap_size
0019ab90 00000004 V __ctru_heap_size
0019ab94 00000004 B __ctru_linear_heap
0019ab98 00000004 B __ctru_heap
0019ab9c 00000004 B __system_retAddr
0019aba0 00000004 B __system_argv
0019aba4 00000004 B __system_argc
0019aba8 b saved_stack
0019abb0 00000004 B __3dslink_host
0019abb4 00000004 b srvRefCount
0019abb8 00000004 b srvHandle
0019abbc 00000004 b currentAddr
0019abc0 00000004 b maxAddr
0019abc4 00000004 b minAddr
0019abc8 00000004 b srvPmHandle
0019abd0 000005c0 b archive_devices
0019b190 00000004 b archive_device_cwd
0019b194 00000001 b archive_initialized
0019b198 0000000c b __sfp_recursive_mutex
0019b1a8 00000168 B __sf
0019b310 00000004 B __stdio_exit_handler
0019b314 00000028 B __malloc_current_mallinfo
0019b33c 00000004 B __malloc_max_total_mem
0019b340 00000004 B __malloc_max_sbrked_mem
0019b344 00000004 B __malloc_top_pad
0019b348 0000000c b __malloc_recursive_mutex
0019b354 00000400 b temp_cwd
0019b754 00000004 b __hndl_lock
0019b758 00000004 B fake_heap_start
0019b75c 00000004 B fake_heap_end
0019b760 00000004 b heap_start.0
0019b764 B __tls_start
0019c36c B __bss_end__
0019c36c A __end__
0019c36c B __tls_end
